<?xml version="1.0" encoding="UTF-8"?>
<testsuite failures="0" errors="0" skipped="0" tests="1" time="3.737906" name="User profile on Reonomy">
<testcase classname="User profile on Reonomy" name="Sign up for a new account" time="3.737906">
  <system-out>
    <![CDATA[]]>
  </system-out>
  <system-err>
    <![CDATA[]]>
  </system-err>
</testcase>
</testsuite>
