<?xml version="1.0" encoding="UTF-8"?>
<testsuite failures="0" errors="0" skipped="0" tests="1" time="5.592583" name="Verify your identity">
<testcase classname="Verify your identity" name="As a user I should be able to verify my identity using phone verification" time="5.592583">
  <system-out>
    <![CDATA[]]>
  </system-out>
  <system-err>
    <![CDATA[]]>
  </system-err>
</testcase>
</testsuite>
