<?xml version="1.0" encoding="UTF-8"?>
<testsuite failures="0" errors="0" skipped="0" tests="2" time="23.072044" name="Make a search on Reonomy">
<testcase classname="Make a search on Reonomy" name="verify that user can search for an address and see details on their property" time="13.132442">
  <system-out>
    <![CDATA[]]>
  </system-out>
  <system-err>
    <![CDATA[]]>
  </system-err>
</testcase>
<testcase classname="Make a search on Reonomy" name="Search with zip code only" time="9.939602">
  <system-out>
    <![CDATA[]]>
  </system-out>
  <system-err>
    <![CDATA[]]>
  </system-err>
</testcase>
</testsuite>
