<?xml version="1.0" encoding="UTF-8"?>
<testsuite failures="0" errors="0" skipped="0" tests="1" time="5.687547" name="Refer a friend on Reonomy">
<testcase classname="Refer a friend on Reonomy" name="Verify that file upload works" time="5.687547">
  <system-out>
    <![CDATA[]]>
  </system-out>
  <system-err>
    <![CDATA[]]>
  </system-err>
</testcase>
</testsuite>
