<?xml version="1.0" encoding="UTF-8"?>
<testsuite failures="1" errors="0" skipped="0" tests="1" time="18.856004" name="User profile on Reonomy">
<testcase classname="User profile on Reonomy" name="Verify user profile" time="18.856004">
  <failure message="failed Verify user profile" type="failed">
    <![CDATA[Scenario: Verify user profile

And I should see "Your Profile" on within profile section

Message:
]]>
    <![CDATA[Unable to find css ".reo-account-profile" (Capybara::ElementNotFound)
./features/step_definitions/homepage_steps.rb:17:in `/^I should see "([^"]*)" on within profile section$/'
features/regression/profile.feature:14:in `And I should see "Your Profile" on within profile section']]>
  </failure>
  <system-out>
    <![CDATA[]]>
  </system-out>
  <system-err>
    <![CDATA[]]>
  </system-err>
</testcase>
</testsuite>
