<?xml version="1.0" encoding="UTF-8"?>
<testsuite failures="0" errors="0" skipped="0" tests="12" time="144.750034" name="Sort results on Reonomy">
<testcase classname="Sort results on Reonomy" name="Verify that sorting of a search result works (outline example : | Building area |)" time="10.314029">
  <system-out>
    <![CDATA[]]>
  </system-out>
  <system-err>
    <![CDATA[]]>
  </system-err>
</testcase>
<testcase classname="Sort results on Reonomy" name="Verify that sorting of a search result works (outline example : | Asset type |)" time="11.354734">
  <system-out>
    <![CDATA[]]>
  </system-out>
  <system-err>
    <![CDATA[]]>
  </system-err>
</testcase>
<testcase classname="Sort results on Reonomy" name="Verify that sorting of a search result works (outline example : | Mortgage amount |)" time="12.157517">
  <system-out>
    <![CDATA[]]>
  </system-out>
  <system-err>
    <![CDATA[]]>
  </system-err>
</testcase>
<testcase classname="Sort results on Reonomy" name="Verify that sorting of a search result works (outline example : | Last mortgage date |)" time="16.708227">
  <system-out>
    <![CDATA[]]>
  </system-out>
  <system-err>
    <![CDATA[]]>
  </system-err>
</testcase>
<testcase classname="Sort results on Reonomy" name="Verify that sorting of a search result works (outline example : | Last sale date |)" time="14.080291">
  <system-out>
    <![CDATA[]]>
  </system-out>
  <system-err>
    <![CDATA[]]>
  </system-err>
</testcase>
<testcase classname="Sort results on Reonomy" name="Verify that sorting of a search result works (outline example : | Lenders |)" time="12.792452">
  <system-out>
    <![CDATA[]]>
  </system-out>
  <system-err>
    <![CDATA[]]>
  </system-err>
</testcase>
<testcase classname="Sort results on Reonomy" name="Verify that sorting of a search result works (outline example : | Sales price |)" time="10.744595">
  <system-out>
    <![CDATA[]]>
  </system-out>
  <system-err>
    <![CDATA[]]>
  </system-err>
</testcase>
<testcase classname="Sort results on Reonomy" name="Verify that sorting of a search result works (outline example : | Total units |)" time="11.782016">
  <system-out>
    <![CDATA[]]>
  </system-out>
  <system-err>
    <![CDATA[]]>
  </system-err>
</testcase>
<testcase classname="Sort results on Reonomy" name="Verify that sorting of a search result works (outline example : | Year built |)" time="7.024081">
  <system-out>
    <![CDATA[]]>
  </system-out>
  <system-err>
    <![CDATA[]]>
  </system-err>
</testcase>
<testcase classname="Sort results on Reonomy" name="Verify that sorting of a search result works (outline example : | Year renovated |)" time="15.116009">
  <system-out>
    <![CDATA[]]>
  </system-out>
  <system-err>
    <![CDATA[]]>
  </system-err>
</testcase>
<testcase classname="Sort results on Reonomy" name="Verify that sorting of a search result works (outline example : | Tax year |)" time="10.811809">
  <system-out>
    <![CDATA[]]>
  </system-out>
  <system-err>
    <![CDATA[]]>
  </system-err>
</testcase>
<testcase classname="Sort results on Reonomy" name="Verify that sorting of a search result works (outline example : | Tax amount |)" time="11.864274">
  <system-out>
    <![CDATA[]]>
  </system-out>
  <system-err>
    <![CDATA[]]>
  </system-err>
</testcase>
</testsuite>
