<?xml version="1.0" encoding="UTF-8"?>
<testsuite failures="0" errors="0" skipped="0" tests="2" time="21.167396" name="Property information on Reonomy">
<testcase classname="Property information on Reonomy" name="verify that user can search for an address and see details on their property" time="10.582583">
  <system-out>
    <![CDATA[]]>
  </system-out>
  <system-err>
    <![CDATA[]]>
  </system-err>
</testcase>
<testcase classname="Property information on Reonomy" name="Search with zip code only" time="10.584813">
  <system-out>
    <![CDATA[]]>
  </system-out>
  <system-err>
    <![CDATA[]]>
  </system-err>
</testcase>
</testsuite>
