<?xml version="1.0" encoding="UTF-8"?>
<testsuite failures="0" errors="0" skipped="0" tests="5" time="62.721090" name="Filter properties on Reonomy">
<testcase classname="Filter properties on Reonomy" name="Verify that filter Assets type Commercial General/Misc can be apply to search property" time="12.573754">
  <system-out>
    <![CDATA[]]>
  </system-out>
  <system-err>
    <![CDATA[]]>
  </system-err>
</testcase>
<testcase classname="Filter properties on Reonomy" name="Verify that filter Assets type Office can be apply to search property" time="13.485475">
  <system-out>
    <![CDATA[]]>
  </system-out>
  <system-err>
    <![CDATA[]]>
  </system-err>
</testcase>
<testcase classname="Filter properties on Reonomy" name="Verify that filter Assets type Hospitality can be apply to search property" time="12.263580">
  <system-out>
    <![CDATA[]]>
  </system-out>
  <system-err>
    <![CDATA[]]>
  </system-err>
</testcase>
<testcase classname="Filter properties on Reonomy" name="Verify that filter Assets type Mixed Use can be apply to search property" time="13.143950">
  <system-out>
    <![CDATA[]]>
  </system-out>
  <system-err>
    <![CDATA[]]>
  </system-err>
</testcase>
<testcase classname="Filter properties on Reonomy" name="Verify that filter Assets type Automotive Repair Shop can be apply to search property" time="11.254331">
  <system-out>
    <![CDATA[]]>
  </system-out>
  <system-err>
    <![CDATA[]]>
  </system-err>
</testcase>
</testsuite>
