<?xml version="1.0" encoding="UTF-8"?>
<testsuite failures="0" errors="0" skipped="0" tests="1" time="5.500348" name="Upload data on Reonomy">
<testcase classname="Upload data on Reonomy" name="As a user I should be able to add data" time="5.500348">
  <system-out>
    <![CDATA[]]>
  </system-out>
  <system-err>
    <![CDATA[]]>
  </system-err>
</testcase>
</testsuite>
